<?xml version="1.0" encoding="UTF-8"?>
<!-- Generated by org.testng.reporters.JUnitReportReporter -->
<testsuite hostname="rupas-MacBook-Air.local" failures="0" tests="2" name="com.UnitTest" time="0.004" errors="0" timestamp="2023-10-01T15:47:23 EDT" skipped="0">
  <testcase classname="com.UnitTest" name="login" time="0.002"/>
  <testcase classname="com.UnitTest" name="logout" time="0.002"/>
</testsuite> <!-- com.UnitTest -->
